# JRE version: OpenJDK Runtime Environment (11.0.11+9) (build 11.0.11+9-b60-7590822)
# Java VM: OpenJDK 64-Bit Server VM (11.0.11+9-b60-7590822, mixed mode, tiered, compressed oops, g1 gc, windows-amd64)
Heap:
 garbage-first heap   total 260096K, used 239245K [0x0000000700000000, 0x0000000800000000)
  region size 1024K, 57 young (58368K), 5 survivors (5120K)
 Metaspace       used 92170K, capacity 97012K, committed 97228K, reserved 1132544K
  class space    used 11937K, capacity 13674K, committed 13772K, reserved 1048576K
GC Heap History (20 events):
Event: 36.810 GC heap before
{Heap before GC invocations=7 (full 0):
 garbage-first heap   total 260096K, used 138662K [0x0000000700000000, 0x0000000800000000)
  region size 1024K, 118 young (120832K), 12 survivors (12288K)
 Metaspace       used 47565K, capacity 49062K, committed 49280K, reserved 1091584K
  class space    used 6087K, capacity 6664K, committed 6784K, reserved 1048576K
}
Event: 36.820 GC heap after
{Heap after GC invocations=8 (full 0):
 garbage-first heap   total 260096K, used 41236K [0x0000000700000000, 0x0000000800000000)
  region size 1024K, 15 young (15360K), 15 survivors (15360K)
 Metaspace       used 47565K, capacity 49062K, committed 49280K, reserved 1091584K
  class space    used 6087K, capacity 6664K, committed 6784K, reserved 1048576K
}
Event: 37.693 GC heap before
{Heap before GC invocations=8 (full 0):
 garbage-first heap   total 260096K, used 112916K [0x0000000700000000, 0x0000000800000000)
  region size 1024K, 86 young (88064K), 15 survivors (15360K)
 Metaspace       used 58530K, capacity 60120K, committed 60160K, reserved 1101824K
  class space    used 7392K, capacity 8047K, committed 8064K, reserved 1048576K
}
Event: 37.709 GC heap after
{Heap after GC invocations=9 (full 0):
 garbage-first heap   total 260096K, used 46620K [0x0000000700000000, 0x0000000800000000)
  region size 1024K, 5 young (5120K), 5 survivors (5120K)
 Metaspace       used 58530K, capacity 60120K, committed 60160K, reserved 1101824K
  class space    used 7392K, capacity 8047K, committed 8064K, reserved 1048576K
}
Event: 48.896 GC heap before
{Heap before GC invocations=10 (full 0):
 garbage-first heap   total 260096K, used 154140K [0x0000000700000000, 0x0000000800000000)
  region size 1024K, 110 young (112640K), 5 survivors (5120K)
 Metaspace       used 63285K, capacity 65219K, committed 65484K, reserved 1105920K
  class space    used 8045K, capacity 8797K, committed 8908K, reserved 1048576K
}
Event: 48.901 GC heap after
{Heap after GC invocations=11 (full 0):
 garbage-first heap   total 260096K, used 54196K [0x0000000700000000, 0x0000000800000000)
  region size 1024K, 12 young (12288K), 12 survivors (12288K)
 Metaspace       used 63285K, capacity 65219K, committed 65484K, reserved 1105920K
  class space    used 8045K, capacity 8797K, committed 8908K, reserved 1048576K
}
Event: 49.922 GC heap before
{Heap before GC invocations=11 (full 0):
 garbage-first heap   total 260096K, used 163764K [0x0000000700000000, 0x0000000800000000)
  region size 1024K, 119 young (121856K), 12 survivors (12288K)
 Metaspace       used 70761K, capacity 73037K, committed 73164K, reserved 1112064K
  class space    used 9256K, capacity 10085K, committed 10188K, reserved 1048576K
}
Event: 49.934 GC heap after
{Heap after GC invocations=12 (full 0):
 garbage-first heap   total 260096K, used 63525K [0x0000000700000000, 0x0000000800000000)
  region size 1024K, 10 young (10240K), 10 survivors (10240K)
 Metaspace       used 70761K, capacity 73037K, committed 73164K, reserved 1112064K
  class space    used 9256K, capacity 10085K, committed 10188K, reserved 1048576K
}
Event: 67.141 GC heap before
{Heap before GC invocations=12 (full 0):
 garbage-first heap   total 260096K, used 180261K [0x0000000700000000, 0x0000000800000000)
  region size 1024K, 118 young (120832K), 10 survivors (10240K)
 Metaspace       used 72731K, capacity 75950K, committed 76236K, reserved 1114112K
  class space    used 9465K, capacity 10602K, committed 10700K, reserved 1048576K
}
Event: 67.153 GC heap after
{Heap after GC invocations=13 (full 0):
 garbage-first heap   total 260096K, used 88604K [0x0000000700000000, 0x0000000800000000)
  region size 1024K, 15 young (15360K), 15 survivors (15360K)
 Metaspace       used 72731K, capacity 75950K, committed 76236K, reserved 1114112K
  class space    used 9465K, capacity 10602K, committed 10700K, reserved 1048576K
}
Event: 79.633 GC heap before
{Heap before GC invocations=13 (full 0):
 garbage-first heap   total 260096K, used 188956K [0x0000000700000000, 0x0000000800000000)
  region size 1024K, 109 young (111616K), 15 survivors (15360K)
 Metaspace       used 75491K, capacity 79351K, committed 79564K, reserved 1118208K
  class space    used 9832K, capacity 11182K, committed 11212K, reserved 1048576K
}
Event: 79.644 GC heap after
{Heap after GC invocations=14 (full 0):
 garbage-first heap   total 260096K, used 107609K [0x0000000700000000, 0x0000000800000000)
  region size 1024K, 13 young (13312K), 13 survivors (13312K)
 Metaspace       used 75491K, capacity 79351K, committed 79564K, reserved 1118208K
  class space    used 9832K, capacity 11182K, committed 11212K, reserved 1048576K
}
Event: 80.748 GC heap before
{Heap before GC invocations=14 (full 0):
 garbage-first heap   total 260096K, used 196697K [0x0000000700000000, 0x0000000800000000)
  region size 1024K, 97 young (99328K), 13 survivors (13312K)
 Metaspace       used 79453K, capacity 83692K, committed 83788K, reserved 1122304K
  class space    used 10334K, capacity 11776K, committed 11852K, reserved 1048576K
}
Event: 80.762 GC heap after
{Heap after GC invocations=15 (full 0):
 garbage-first heap   total 260096K, used 123731K [0x0000000700000000, 0x0000000800000000)
  region size 1024K, 13 young (13312K), 13 survivors (13312K)
 Metaspace       used 79453K, capacity 83692K, committed 83788K, reserved 1122304K
  class space    used 10334K, capacity 11776K, committed 11852K, reserved 1048576K
}
Event: 82.379 GC heap before
{Heap before GC invocations=15 (full 0):
 garbage-first heap   total 260096K, used 200531K [0x0000000700000000, 0x0000000800000000)
  region size 1024K, 88 young (90112K), 13 survivors (13312K)
 Metaspace       used 85216K, capacity 89734K, committed 89804K, reserved 1126400K
  class space    used 11116K, capacity 12728K, committed 12748K, reserved 1048576K
}
Event: 82.393 GC heap after
{Heap after GC invocations=16 (full 0):
 garbage-first heap   total 260096K, used 134740K [0x0000000700000000, 0x0000000800000000)
  region size 1024K, 11 young (11264K), 11 survivors (11264K)
 Metaspace       used 85216K, capacity 89734K, committed 89804K, reserved 1126400K
  class space    used 11116K, capacity 12728K, committed 12748K, reserved 1048576K
}
Event: 84.315 GC heap before
{Heap before GC invocations=16 (full 0):
 garbage-first heap   total 260096K, used 203348K [0x0000000700000000, 0x0000000800000000)
  region size 1024K, 79 young (80896K), 11 survivors (11264K)
 Metaspace       used 90725K, capacity 95485K, committed 95692K, reserved 1132544K
  class space    used 11792K, capacity 13483K, committed 13516K, reserved 1048576K
}
Event: 84.325 GC heap after
{Heap after GC invocations=17 (full 0):
 garbage-first heap   total 260096K, used 140789K [0x0000000700000000, 0x0000000800000000)
  region size 1024K, 5 young (5120K), 5 survivors (5120K)
 Metaspace       used 90725K, capacity 95485K, committed 95692K, reserved 1132544K
  class space    used 11792K, capacity 13483K, committed 13516K, reserved 1048576K
}
Event: 84.791 GC heap before
{Heap before GC invocations=18 (full 0):
 garbage-first heap   total 260096K, used 156149K [0x0000000700000000, 0x0000000800000000)
  region size 1024K, 21 young (21504K), 5 survivors (5120K)
 Metaspace       used 91174K, capacity 95976K, committed 96076K, reserved 1132544K
  class space    used 11858K, capacity 13562K, committed 13644K, reserved 1048576K
}
Event: 84.798 GC heap after
{Heap after GC invocations=19 (full 0):
 garbage-first heap   total 260096K, used 140941K [0x0000000700000000, 0x0000000800000000)
  region size 1024K, 5 young (5120K), 5 survivors (5120K)
 Metaspace       used 91174K, capacity 95976K, committed 96076K, reserved 1132544K
  class space    used 11858K, capacity 13562K, committed 13644K, reserved 1048576K
}

